# JRE version: Java(TM) SE Runtime Environment (8.0_202-b08) (build 1.8.0_202-b08)
# Java VM: Java HotSpot(TM) 64-Bit Server VM (25.202-b08 mixed mode windows-amd64 compressed oops)
Heap:
 PSYoungGen      total 16896K, used 9494K [0x00000000edf80000, 0x00000000ef200000, 0x0000000100000000)
  eden space 14848K, 50% used [0x00000000edf80000,0x00000000ee6c7498,0x00000000eee00000)
  from space 2048K, 99% used [0x00000000ef000000,0x00000000ef1fe620,0x00000000ef200000)
  to   space 2048K, 0% used [0x00000000eee00000,0x00000000eee00000,0x00000000ef000000)
 ParOldGen       total 38400K, used 3655K [0x00000000c9e00000, 0x00000000cc380000, 0x00000000edf80000)
  object space 38400K, 9% used [0x00000000c9e00000,0x00000000ca191f48,0x00000000cc380000)
 Metaspace       used 13534K, capacity 14276K, committed 14464K, reserved 1064960K
  class space    used 1695K, capacity 1858K, committed 1920K, reserved 1048576K
GC Heap History (4 events):
Event: 1.212 GC heap before
{Heap before GC invocations=1 (full 0):
 PSYoungGen      total 16896K, used 14848K [0x00000000edf80000, 0x00000000ef200000, 0x0000000100000000)
  eden space 14848K, 100% used [0x00000000edf80000,0x00000000eee00000,0x00000000eee00000)
  from space 2048K, 0% used [0x00000000ef000000,0x00000000ef000000,0x00000000ef200000)
  to   space 2048K, 0% used [0x00000000eee00000,0x00000000eee00000,0x00000000ef000000)
 ParOldGen       total 38400K, used 0K [0x00000000c9e00000, 0x00000000cc380000, 0x00000000edf80000)
  object space 38400K, 0% used [0x00000000c9e00000,0x00000000c9e00000,0x00000000cc380000)
 Metaspace       used 7196K, capacity 7462K, committed 7680K, reserved 1056768K
  class space    used 839K, capacity 933K, committed 1024K, reserved 1048576K
Event: 1.217 GC heap after
Heap after GC invocations=1 (full 0):
 PSYoungGen      total 16896K, used 2041K [0x00000000edf80000, 0x00000000ef200000, 0x0000000100000000)
  eden space 14848K, 0% used [0x00000000edf80000,0x00000000edf80000,0x00000000eee00000)
  from space 2048K, 99% used [0x00000000eee00000,0x00000000eeffe620,0x00000000ef000000)
  to   space 2048K, 0% used [0x00000000ef000000,0x00000000ef000000,0x00000000ef200000)
 ParOldGen       total 38400K, used 1185K [0x00000000c9e00000, 0x00000000cc380000, 0x00000000edf80000)
  object space 38400K, 3% used [0x00000000c9e00000,0x00000000c9f286b8,0x00000000cc380000)
 Metaspace       used 7196K, capacity 7462K, committed 7680K, reserved 1056768K
  class space    used 839K, capacity 933K, committed 1024K, reserved 1048576K
}
Event: 1.844 GC heap before
{Heap before GC invocations=2 (full 0):
 PSYoungGen      total 16896K, used 16889K [0x00000000edf80000, 0x00000000ef200000, 0x0000000100000000)
  eden space 14848K, 100% used [0x00000000edf80000,0x00000000eee00000,0x00000000eee00000)
  from space 2048K, 99% used [0x00000000eee00000,0x00000000eeffe620,0x00000000ef000000)
  to   space 2048K, 0% used [0x00000000ef000000,0x00000000ef000000,0x00000000ef200000)
 ParOldGen       total 38400K, used 1185K [0x00000000c9e00000, 0x00000000cc380000, 0x00000000edf80000)
  object space 38400K, 3% used [0x00000000c9e00000,0x00000000c9f286b8,0x00000000cc380000)
 Metaspace       used 11020K, capacity 11746K, committed 11904K, reserved 1058816K
  class space    used 1400K, capacity 1569K, committed 1664K, reserved 1048576K
Event: 1.856 GC heap after
Heap after GC invocations=2 (full 0):
 PSYoungGen      total 16896K, used 2041K [0x00000000edf80000, 0x00000000ef200000, 0x0000000100000000)
  eden space 14848K, 0% used [0x00000000edf80000,0x00000000edf80000,0x00000000eee00000)
  from space 2048K, 99% used [0x00000000ef000000,0x00000000ef1fe620,0x00000000ef200000)
  to   space 2048K, 0% used [0x00000000eee00000,0x00000000eee00000,0x00000000ef000000)
 ParOldGen       total 38400K, used 3655K [0x00000000c9e00000, 0x00000000cc380000, 0x00000000edf80000)
  object space 38400K, 9% used [0x00000000c9e00000,0x00000000ca191f48,0x00000000cc380000)
 Metaspace       used 11020K, capacity 11746K, committed 11904K, reserved 1058816K
  class space    used 1400K, capacity 1569K, committed 1664K, reserved 1048576K
}

